{"total": {"lines":{"total":835,"covered":738,"skipped":0,"pct":88.38},"statements":{"total":835,"covered":738,"skipped":0,"pct":88.38},"functions":{"total":54,"covered":47,"skipped":0,"pct":87.03},"branches":{"total":116,"covered":96,"skipped":0,"pct":82.75},"branchesTrue":{"total":0,"covered":0,"skipped":0,"pct":100}}
,"C:\\Users\\stale\\Documents\\Projects\\JS Projects\\ms-order-maker\\src\\App.tsx": {"lines":{"total":43,"covered":41,"skipped":0,"pct":95.34},"functions":{"total":3,"covered":3,"skipped":0,"pct":100},"statements":{"total":43,"covered":41,"skipped":0,"pct":95.34},"branches":{"total":6,"covered":5,"skipped":0,"pct":83.33}}
,"C:\\Users\\stale\\Documents\\Projects\\JS Projects\\ms-order-maker\\src\\components\\AppLayout.tsx": {"lines":{"total":55,"covered":55,"skipped":0,"pct":100},"functions":{"total":1,"covered":1,"skipped":0,"pct":100},"statements":{"total":55,"covered":55,"skipped":0,"pct":100},"branches":{"total":7,"covered":7,"skipped":0,"pct":100}}
,"C:\\Users\\stale\\Documents\\Projects\\JS Projects\\ms-order-maker\\src\\context\\AuthContext.tsx": {"lines":{"total":46,"covered":44,"skipped":0,"pct":95.65},"functions":{"total":2,"covered":2,"skipped":0,"pct":100},"statements":{"total":46,"covered":44,"skipped":0,"pct":95.65},"branches":{"total":4,"covered":3,"skipped":0,"pct":75}}
,"C:\\Users\\stale\\Documents\\Projects\\JS Projects\\ms-order-maker\\src\\controllers\\AuthController.ts": {"lines":{"total":23,"covered":21,"skipped":0,"pct":91.3},"functions":{"total":3,"covered":2,"skipped":0,"pct":66.66},"statements":{"total":23,"covered":21,"skipped":0,"pct":91.3},"branches":{"total":4,"covered":4,"skipped":0,"pct":100}}
,"C:\\Users\\stale\\Documents\\Projects\\JS Projects\\ms-order-maker\\src\\controllers\\OrderController.ts": {"lines":{"total":44,"covered":44,"skipped":0,"pct":100},"functions":{"total":1,"covered":1,"skipped":0,"pct":100},"statements":{"total":44,"covered":44,"skipped":0,"pct":100},"branches":{"total":3,"covered":3,"skipped":0,"pct":100}}
,"C:\\Users\\stale\\Documents\\Projects\\JS Projects\\ms-order-maker\\src\\controllers\\StockController.ts": {"lines":{"total":24,"covered":19,"skipped":0,"pct":79.16},"functions":{"total":1,"covered":1,"skipped":0,"pct":100},"statements":{"total":24,"covered":19,"skipped":0,"pct":79.16},"branches":{"total":2,"covered":1,"skipped":0,"pct":50}}
,"C:\\Users\\stale\\Documents\\Projects\\JS Projects\\ms-order-maker\\src\\events\\index.ts": {"lines":{"total":10,"covered":10,"skipped":0,"pct":100},"functions":{"total":0,"covered":0,"skipped":0,"pct":100},"statements":{"total":10,"covered":10,"skipped":0,"pct":100},"branches":{"total":0,"covered":0,"skipped":0,"pct":100}}
,"C:\\Users\\stale\\Documents\\Projects\\JS Projects\\ms-order-maker\\src\\hooks\\useStockQuery.ts": {"lines":{"total":21,"covered":21,"skipped":0,"pct":100},"functions":{"total":1,"covered":1,"skipped":0,"pct":100},"statements":{"total":21,"covered":21,"skipped":0,"pct":100},"branches":{"total":7,"covered":7,"skipped":0,"pct":100}}
,"C:\\Users\\stale\\Documents\\Projects\\JS Projects\\ms-order-maker\\src\\lib\\EventBus.ts": {"lines":{"total":25,"covered":13,"skipped":0,"pct":52},"functions":{"total":3,"covered":2,"skipped":0,"pct":66.66},"statements":{"total":25,"covered":13,"skipped":0,"pct":52},"branches":{"total":3,"covered":2,"skipped":0,"pct":66.66}}
,"C:\\Users\\stale\\Documents\\Projects\\JS Projects\\ms-order-maker\\src\\models\\AuthModel.ts": {"lines":{"total":65,"covered":61,"skipped":0,"pct":93.84},"functions":{"total":11,"covered":9,"skipped":0,"pct":81.81},"statements":{"total":65,"covered":61,"skipped":0,"pct":93.84},"branches":{"total":13,"covered":12,"skipped":0,"pct":92.3}}
,"C:\\Users\\stale\\Documents\\Projects\\JS Projects\\ms-order-maker\\src\\models\\StockModel.ts": {"lines":{"total":52,"covered":50,"skipped":0,"pct":96.15},"functions":{"total":7,"covered":6,"skipped":0,"pct":85.71},"statements":{"total":52,"covered":50,"skipped":0,"pct":96.15},"branches":{"total":8,"covered":8,"skipped":0,"pct":100}}
,"C:\\Users\\stale\\Documents\\Projects\\JS Projects\\ms-order-maker\\src\\pages\\AboutPage.tsx": {"lines":{"total":28,"covered":0,"skipped":0,"pct":0},"functions":{"total":1,"covered":0,"skipped":0,"pct":0},"statements":{"total":28,"covered":0,"skipped":0,"pct":0},"branches":{"total":0,"covered":0,"skipped":0,"pct":100}}
,"C:\\Users\\stale\\Documents\\Projects\\JS Projects\\ms-order-maker\\src\\pages\\LoginPage.tsx": {"lines":{"total":70,"covered":67,"skipped":0,"pct":95.71},"functions":{"total":3,"covered":3,"skipped":0,"pct":100},"statements":{"total":70,"covered":67,"skipped":0,"pct":95.71},"branches":{"total":8,"covered":6,"skipped":0,"pct":75}}
,"C:\\Users\\stale\\Documents\\Projects\\JS Projects\\ms-order-maker\\src\\pages\\OrderHistoryPage.tsx": {"lines":{"total":58,"covered":52,"skipped":0,"pct":89.65},"functions":{"total":1,"covered":1,"skipped":0,"pct":100},"statements":{"total":58,"covered":52,"skipped":0,"pct":89.65},"branches":{"total":8,"covered":6,"skipped":0,"pct":75}}
,"C:\\Users\\stale\\Documents\\Projects\\JS Projects\\ms-order-maker\\src\\pages\\StockPage.tsx": {"lines":{"total":168,"covered":156,"skipped":0,"pct":92.85},"functions":{"total":7,"covered":7,"skipped":0,"pct":100},"statements":{"total":168,"covered":156,"skipped":0,"pct":92.85},"branches":{"total":29,"covered":22,"skipped":0,"pct":75.86}}
,"C:\\Users\\stale\\Documents\\Projects\\JS Projects\\ms-order-maker\\src\\services\\orderHistory.ts": {"lines":{"total":83,"covered":66,"skipped":0,"pct":79.51},"functions":{"total":7,"covered":6,"skipped":0,"pct":85.71},"statements":{"total":83,"covered":66,"skipped":0,"pct":79.51},"branches":{"total":10,"covered":8,"skipped":0,"pct":80}}
,"C:\\Users\\stale\\Documents\\Projects\\JS Projects\\ms-order-maker\\src\\utils\\env.ts": {"lines":{"total":20,"covered":18,"skipped":0,"pct":90},"functions":{"total":2,"covered":2,"skipped":0,"pct":100},"statements":{"total":20,"covered":18,"skipped":0,"pct":90},"branches":{"total":4,"covered":2,"skipped":0,"pct":50}}
}
