TN:
SF:src\App.tsx
FN:10,RequireAuth
FN:18,AppRoutes
FN:37,App
FNF:3
FNH:3
FNDA:3,RequireAuth
FNDA:7,AppRoutes
FNDA:4,App
DA:1,1
DA:2,1
DA:3,1
DA:4,1
DA:5,1
DA:6,1
DA:7,1
DA:8,1
DA:9,1
DA:10,3
DA:11,3
DA:12,3
DA:13,0
DA:14,0
DA:15,3
DA:16,3
DA:17,1
DA:18,7
DA:19,7
DA:20,7
DA:21,7
DA:22,7
DA:23,7
DA:24,7
DA:25,7
DA:26,7
DA:27,7
DA:28,7
DA:29,7
DA:30,7
DA:31,7
DA:32,7
DA:33,7
DA:34,7
DA:35,7
DA:36,1
DA:37,4
DA:38,4
DA:39,4
DA:40,4
DA:41,4
DA:42,4
DA:43,4
LF:43
LH:41
BRDA:10,0,0,3
BRDA:12,1,0,0
BRDA:18,2,0,7
BRDA:20,3,0,6
BRDA:20,4,0,1
BRDA:37,5,0,4
BRF:6
BRH:5
end_of_record
TN:
SF:src\components\AppLayout.tsx
FN:10,AppLayout
FNF:1
FNH:1
FNDA:7,AppLayout
DA:1,1
DA:2,1
DA:3,1
DA:4,1
DA:5,1
DA:6,1
DA:7,1
DA:8,1
DA:9,1
DA:10,7
DA:11,7
DA:12,7
DA:13,7
DA:14,7
DA:15,7
DA:16,7
DA:17,7
DA:18,7
DA:19,7
DA:20,7
DA:21,7
DA:22,6
DA:23,6
DA:24,6
DA:25,6
DA:26,6
DA:27,6
DA:28,6
DA:29,6
DA:30,6
DA:31,6
DA:32,6
DA:33,6
DA:34,7
DA:35,1
DA:36,7
DA:37,7
DA:38,7
DA:39,7
DA:40,7
DA:41,6
DA:42,6
DA:43,18
DA:44,18
DA:45,18
DA:46,6
DA:47,6
DA:48,7
DA:49,7
DA:50,7
DA:51,7
DA:52,7
DA:53,7
DA:54,7
DA:55,7
LF:55
LH:55
BRDA:10,0,0,7
BRDA:21,1,0,6
BRDA:27,2,0,4
BRDA:27,3,0,2
BRDA:34,4,0,1
BRDA:40,5,0,6
BRDA:42,6,0,18
BRF:7
BRH:7
end_of_record
TN:
SF:src\context\AuthContext.tsx
FN:21,AuthProvider
FN:40,useAuth
FNF:2
FNH:2
FNDA:7,AuthProvider
FNDA:118,useAuth
DA:1,1
DA:2,1
DA:3,1
DA:4,1
DA:5,1
DA:6,1
DA:7,1
DA:8,1
DA:9,1
DA:10,1
DA:11,1
DA:12,1
DA:13,1
DA:14,1
DA:15,1
DA:16,1
DA:17,1
DA:18,1
DA:19,1
DA:20,1
DA:21,7
DA:22,7
DA:23,7
DA:24,7
DA:25,7
DA:26,7
DA:27,7
DA:28,7
DA:29,7
DA:30,7
DA:31,7
DA:32,7
DA:33,7
DA:34,7
DA:35,7
DA:36,7
DA:37,7
DA:38,7
DA:39,1
DA:40,118
DA:41,118
DA:42,118
DA:43,0
DA:44,0
DA:45,118
DA:46,118
LF:46
LH:44
BRDA:21,0,0,7
BRDA:28,1,0,7
BRDA:40,2,0,118
BRDA:42,3,0,0
BRF:4
BRH:3
end_of_record
TN:
SF:src\controllers\AuthController.ts
FN:5,<instance_members_initializer>
FN:6,login
FN:17,logout
FNF:3
FNH:2
FNDA:1,<instance_members_initializer>
FNDA:4,login
FNDA:0,logout
DA:1,1
DA:2,1
DA:3,1
DA:4,1
DA:5,1
DA:6,1
DA:7,4
DA:8,4
DA:9,1
DA:10,1
DA:11,3
DA:12,3
DA:13,3
DA:14,3
DA:15,1
DA:16,1
DA:17,1
DA:18,0
DA:19,0
DA:20,1
DA:21,1
DA:22,1
DA:23,1
LF:23
LH:21
BRDA:5,0,0,1
BRDA:6,1,0,4
BRDA:8,2,0,1
BRDA:11,3,0,3
BRF:4
BRH:4
end_of_record
TN:
SF:src\controllers\OrderController.ts
FN:17,submit
FNF:1
FNH:1
FNDA:1,submit
DA:1,1
DA:2,1
DA:3,1
DA:4,1
DA:5,1
DA:6,1
DA:7,1
DA:8,1
DA:9,1
DA:10,1
DA:11,1
DA:12,1
DA:13,1
DA:14,1
DA:15,1
DA:16,1
DA:17,1
DA:18,1
DA:19,1
DA:20,1
DA:21,1
DA:22,1
DA:23,1
DA:24,1
DA:25,1
DA:26,1
DA:27,1
DA:28,1
DA:29,1
DA:30,1
DA:31,1
DA:32,1
DA:33,1
DA:34,1
DA:35,1
DA:36,1
DA:37,1
DA:38,1
DA:39,1
DA:40,1
DA:41,1
DA:42,1
DA:43,1
DA:44,1
LF:44
LH:44
BRDA:17,0,0,1
BRDA:21,1,0,1
BRDA:31,2,0,1
BRF:3
BRH:3
end_of_record
TN:
SF:src\controllers\StockController.ts
FN:8,load
FNF:1
FNH:1
FNDA:3,load
DA:1,1
DA:2,1
DA:3,1
DA:4,1
DA:5,1
DA:6,1
DA:7,1
DA:8,1
DA:9,3
DA:10,3
DA:11,3
DA:12,3
DA:13,3
DA:14,3
DA:15,3
DA:16,0
DA:17,0
DA:18,0
DA:19,0
DA:20,0
DA:21,3
DA:22,1
DA:23,1
DA:24,1
LF:24
LH:19
BRDA:8,0,0,3
BRDA:15,1,0,0
BRF:2
BRH:1
end_of_record
TN:
SF:src\events\index.ts
FNF:0
FNH:0
DA:1,1
DA:2,1
DA:3,1
DA:4,1
DA:5,1
DA:6,1
DA:7,1
DA:8,1
DA:9,1
DA:10,1
LF:10
LH:10
BRF:0
BRH:0
end_of_record
TN:
SF:src\hooks\useStockQuery.ts
FN:6,useStockQuery
FNF:1
FNH:1
FNDA:26,useStockQuery
DA:1,1
DA:2,1
DA:3,1
DA:4,1
DA:5,1
DA:6,26
DA:7,26
DA:8,26
DA:9,26
DA:10,26
DA:11,26
DA:12,26
DA:13,3
DA:14,26
DA:15,26
DA:16,26
DA:17,26
DA:18,26
DA:19,26
DA:20,26
DA:21,26
LF:21
LH:21
BRDA:6,0,0,26
BRDA:16,1,0,24
BRDA:16,2,0,2
BRDA:17,3,0,24
BRDA:17,4,0,2
BRDA:18,5,0,23
BRDA:12,6,0,3
BRF:7
BRH:7
end_of_record
TN:
SF:src\lib\EventBus.ts
FN:3,<instance_members_initializer>
FN:6,emit
FN:12,on
FNF:3
FNH:2
FNDA:1,<instance_members_initializer>
FNDA:10,emit
FNDA:0,on
DA:1,1
DA:2,1
DA:3,1
DA:4,1
DA:5,1
DA:6,1
DA:7,10
DA:8,10
DA:9,0
DA:10,0
DA:11,1
DA:12,1
DA:13,0
DA:14,0
DA:15,0
DA:16,0
DA:17,0
DA:18,0
DA:19,0
DA:20,0
DA:21,0
DA:22,0
DA:23,1
DA:24,1
DA:25,1
LF:25
LH:13
BRDA:3,0,0,1
BRDA:6,1,0,10
BRDA:9,2,0,0
BRF:3
BRH:2
end_of_record
TN:
SF:src\models\AuthModel.ts
FN:12,normalizeEmail
FN:16,resolvePriceLevel
FN:20,hasCredentials
FN:31,<instance_members_initializer>
FN:36,subscribe
FN:41,getSnapshot
FN:43,setUser
FN:48,clearUser
FN:54,hasCredentials
FN:58,isEmailAllowed
FN:60,emit
FNF:11
FNH:9
FNDA:4,normalizeEmail
FNDA:4,resolvePriceLevel
FNDA:7,hasCredentials
FNDA:1,<instance_members_initializer>
FNDA:4,subscribe
FNDA:24,getSnapshot
FNDA:3,setUser
FNDA:0,clearUser
FNDA:7,hasCredentials
FNDA:0,isEmailAllowed
FNDA:3,emit
DA:1,1
DA:2,1
DA:3,1
DA:4,1
DA:5,1
DA:6,1
DA:7,1
DA:8,1
DA:9,1
DA:10,1
DA:11,1
DA:12,4
DA:13,4
DA:14,4
DA:15,1
DA:16,4
DA:17,4
DA:18,4
DA:19,1
DA:20,7
DA:21,7
DA:22,7
DA:23,0
DA:24,7
DA:25,7
DA:26,1
DA:27,1
DA:28,1
DA:29,1
DA:30,1
DA:31,1
DA:32,1
DA:33,1
DA:34,1
DA:35,1
DA:36,1
DA:37,4
DA:38,4
DA:39,1
DA:40,1
DA:41,1
DA:42,1
DA:43,1
DA:44,3
DA:45,3
DA:46,1
DA:47,1
DA:48,1
DA:49,0
DA:50,0
DA:51,0
DA:52,1
DA:53,1
DA:54,1
DA:55,1
DA:56,1
DA:57,1
DA:58,1
DA:59,1
DA:60,1
DA:61,3
DA:62,3
DA:63,1
DA:64,1
DA:65,1
LF:65
LH:61
BRDA:12,0,0,4
BRDA:16,1,0,4
BRDA:17,2,0,1
BRDA:20,3,0,7
BRDA:22,4,0,0
BRDA:31,5,0,1
BRDA:36,6,0,4
BRDA:38,7,0,4
BRDA:41,8,0,24
BRDA:43,9,0,3
BRDA:54,10,0,7
BRDA:60,11,0,3
BRDA:61,12,0,3
BRF:13
BRH:12
end_of_record
TN:
SF:src\models\StockModel.ts
FN:20,<instance_members_initializer>
FN:25,subscribe
FN:30,getSnapshot
FN:32,setLoading
FN:37,setData
FN:42,setError
FN:47,emit
FNF:7
FNH:6
FNDA:1,<instance_members_initializer>
FNDA:3,subscribe
FNDA:70,getSnapshot
FNDA:3,setLoading
FNDA:3,setData
FNDA:0,setError
FNDA:6,emit
DA:1,1
DA:2,1
DA:3,1
DA:4,1
DA:5,1
DA:6,1
DA:7,1
DA:8,1
DA:9,1
DA:10,1
DA:11,1
DA:12,1
DA:13,1
DA:14,1
DA:15,1
DA:16,1
DA:17,1
DA:18,1
DA:19,1
DA:20,1
DA:21,1
DA:22,1
DA:23,1
DA:24,1
DA:25,1
DA:26,3
DA:27,3
DA:28,1
DA:29,1
DA:30,1
DA:31,1
DA:32,1
DA:33,3
DA:34,3
DA:35,1
DA:36,1
DA:37,1
DA:38,3
DA:39,3
DA:40,1
DA:41,1
DA:42,1
DA:43,0
DA:44,0
DA:45,1
DA:46,1
DA:47,1
DA:48,6
DA:49,6
DA:50,1
DA:51,1
DA:52,1
LF:52
LH:50
BRDA:20,0,0,1
BRDA:25,1,0,3
BRDA:27,2,0,3
BRDA:30,3,0,70
BRDA:32,4,0,3
BRDA:37,5,0,3
BRDA:47,6,0,6
BRDA:48,7,0,6
BRF:8
BRH:8
end_of_record
TN:
SF:src\pages\AboutPage.tsx
FN:1,AboutPage
FNF:1
FNH:0
FNDA:0,AboutPage
DA:1,0
DA:2,0
DA:3,0
DA:4,0
DA:5,0
DA:6,0
DA:7,0
DA:8,0
DA:9,0
DA:10,0
DA:11,0
DA:12,0
DA:13,0
DA:14,0
DA:15,0
DA:16,0
DA:17,0
DA:18,0
DA:19,0
DA:20,0
DA:21,0
DA:22,0
DA:23,0
DA:24,0
DA:25,0
DA:26,0
DA:27,0
DA:28,0
LF:28
LH:0
BRF:0
BRH:0
end_of_record
TN:
SF:src\pages\LoginPage.tsx
FN:6,LoginPage
FN:12,handleSubmit
FN:43,onChange
FNF:3
FNH:3
FNDA:73,LoginPage
FNDA:4,handleSubmit
FNDA:65,onChange
DA:1,1
DA:2,1
DA:3,1
DA:4,1
DA:5,1
DA:6,73
DA:7,73
DA:8,73
DA:9,73
DA:10,73
DA:11,73
DA:12,73
DA:13,4
DA:14,4
DA:15,0
DA:16,0
DA:17,0
DA:18,4
DA:19,4
DA:20,1
DA:21,1
DA:22,1
DA:23,3
DA:24,73
DA:25,73
DA:26,73
DA:27,73
DA:28,73
DA:29,73
DA:30,73
DA:31,73
DA:32,73
DA:33,73
DA:34,73
DA:35,73
DA:36,73
DA:37,73
DA:38,73
DA:39,73
DA:40,73
DA:41,73
DA:42,73
DA:43,73
DA:44,73
DA:45,73
DA:46,73
DA:47,73
DA:48,73
DA:49,73
DA:50,1
DA:51,1
DA:52,1
DA:53,73
DA:54,73
DA:55,73
DA:56,73
DA:57,73
DA:58,73
DA:59,73
DA:60,73
DA:61,73
DA:62,73
DA:63,73
DA:64,73
DA:65,73
DA:66,73
DA:67,73
DA:68,73
DA:69,73
DA:70,73
LF:70
LH:67
BRDA:6,0,0,73
BRDA:49,1,0,1
BRDA:65,2,0,0
BRDA:12,3,0,4
BRDA:14,4,0,0
BRDA:19,5,0,1
BRDA:23,6,0,3
BRDA:43,7,0,65
BRF:8
BRH:6
end_of_record
TN:
SF:src\pages\OrderHistoryPage.tsx
FN:5,OrderHistoryPage
FNF:1
FNH:1
FNDA:2,OrderHistoryPage
DA:1,1
DA:2,1
DA:3,1
DA:4,1
DA:5,2
DA:6,2
DA:7,2
DA:8,2
DA:9,2
DA:10,1
DA:11,0
DA:12,0
DA:13,0
DA:14,1
DA:15,2
DA:16,2
DA:17,2
DA:18,2
DA:19,2
DA:20,2
DA:21,2
DA:22,2
DA:23,2
DA:24,2
DA:25,2
DA:26,2
DA:27,0
DA:28,0
DA:29,0
DA:30,2
DA:31,1
DA:32,1
DA:33,1
DA:34,2
DA:35,1
DA:36,1
DA:37,1
DA:38,1
DA:39,1
DA:40,1
DA:41,1
DA:42,1
DA:43,1
DA:44,1
DA:45,1
DA:46,1
DA:47,1
DA:48,1
DA:49,1
DA:50,1
DA:51,1
DA:52,1
DA:53,1
DA:54,1
DA:55,2
DA:56,2
DA:57,2
DA:58,2
LF:58
LH:52
BRDA:5,0,0,2
BRDA:26,1,0,0
BRDA:30,2,0,1
BRDA:34,3,0,1
BRDA:9,4,0,1
BRDA:10,5,0,0
BRDA:36,6,0,1
BRDA:43,7,0,1
BRF:8
BRH:6
end_of_record
TN:
SF:src\pages\StockPage.tsx
FN:10,buildOrderLines
FN:19,StockPage
FN:34,StockPage.lines.reduce.units
FN:41,handleQtyChange
FN:53,handleSubmit
FN:124,onChange
FN:140,onChange
FNF:7
FNH:7
FNDA:8,buildOrderLines
FNDA:26,StockPage
FNDA:16,StockPage.lines.reduce.units
FNDA:1,handleQtyChange
FNDA:1,handleSubmit
FNDA:1,onChange
FNDA:14,onChange
DA:1,1
DA:2,1
DA:3,1
DA:4,1
DA:5,1
DA:6,1
DA:7,1
DA:8,1
DA:9,1
DA:10,8
DA:11,8
DA:12,8
DA:13,5
DA:14,5
DA:15,8
DA:16,8
DA:17,8
DA:18,1
DA:19,26
DA:20,26
DA:21,26
DA:22,26
DA:23,26
DA:24,26
DA:25,26
DA:26,26
DA:27,26
DA:28,26
DA:29,26
DA:30,26
DA:31,26
DA:32,26
DA:33,26
DA:34,26
DA:35,16
DA:36,16
DA:37,26
DA:38,26
DA:39,26
DA:40,26
DA:41,26
DA:42,1
DA:43,1
DA:44,1
DA:45,0
DA:46,1
DA:47,1
DA:48,1
DA:49,1
DA:50,1
DA:51,26
DA:52,26
DA:53,26
DA:54,1
DA:55,1
DA:56,1
DA:57,0
DA:58,0
DA:59,0
DA:60,1
DA:61,1
DA:62,1
DA:63,1
DA:64,1
DA:65,1
DA:66,1
DA:67,1
DA:68,1
DA:69,1
DA:70,1
DA:71,1
DA:72,0
DA:73,0
DA:74,0
DA:75,0
DA:76,0
DA:77,1
DA:78,1
DA:79,1
DA:80,26
DA:81,26
DA:82,26
DA:83,26
DA:84,26
DA:85,26
DA:86,26
DA:87,26
DA:88,26
DA:89,26
DA:90,26
DA:91,26
DA:92,26
DA:93,26
DA:94,26
DA:95,26
DA:96,0
DA:97,0
DA:98,0
DA:99,26
DA:100,26
DA:101,26
DA:102,21
DA:103,21
DA:104,21
DA:105,21
DA:106,21
DA:107,21
DA:108,21
DA:109,21
DA:110,21
DA:111,21
DA:112,21
DA:113,20
DA:114,20
DA:115,20
DA:116,20
DA:117,20
DA:118,20
DA:119,20
DA:120,20
DA:121,20
DA:122,20
DA:123,20
DA:124,20
DA:125,1
DA:126,1
DA:127,1
DA:128,20
DA:129,20
DA:130,20
DA:131,20
DA:132,20
DA:133,21
DA:134,21
DA:135,21
DA:136,21
DA:137,21
DA:138,21
DA:139,21
DA:140,21
DA:141,21
DA:142,21
DA:143,21
DA:144,21
DA:145,21
DA:146,21
DA:147,21
DA:148,21
DA:149,21
DA:150,21
DA:151,21
DA:152,21
DA:153,21
DA:154,21
DA:155,21
DA:156,1
DA:157,1
DA:158,1
DA:159,21
DA:160,21
DA:161,21
DA:162,21
DA:163,21
DA:164,21
DA:165,26
DA:166,26
DA:167,26
DA:168,26
LF:168
LH:156
BRDA:10,0,0,8
BRDA:12,1,0,5
BRDA:14,2,0,4
BRDA:16,3,0,5
BRDA:19,4,0,26
BRDA:21,5,0,0
BRDA:89,6,0,23
BRDA:89,7,0,3
BRDA:94,8,0,5
BRDA:95,9,0,0
BRDA:101,10,0,21
BRDA:101,11,0,21
BRDA:155,12,0,1
BRDA:162,13,0,1
BRDA:162,14,0,20
BRDA:29,15,0,8
BRDA:34,16,0,16
BRDA:41,17,0,1
BRDA:42,18,0,1
BRDA:44,19,0,0
BRDA:53,20,0,1
BRDA:55,21,0,0
BRDA:56,22,0,0
BRDA:71,23,0,0
BRDA:112,24,0,20
BRDA:123,25,0,4
BRDA:124,26,0,1
BRDA:126,27,0,0
BRDA:140,28,0,14
BRF:29
BRH:22
end_of_record
TN:
SF:src\services\orderHistory.ts
FN:19,normalizeEmail
FN:23,generateId
FN:27,readStore
FN:44,writeStore
FN:48,loadOrders
FN:54,addOrder
FN:72,clearOrders
FNF:7
FNH:6
FNDA:2,normalizeEmail
FNDA:1,generateId
FNDA:2,readStore
FNDA:1,writeStore
FNDA:1,loadOrders
FNDA:1,addOrder
FNDA:0,clearOrders
DA:1,1
DA:2,1
DA:3,1
DA:4,1
DA:5,1
DA:6,1
DA:7,1
DA:8,1
DA:9,1
DA:10,1
DA:11,1
DA:12,1
DA:13,1
DA:14,1
DA:15,1
DA:16,1
DA:17,1
DA:18,1
DA:19,2
DA:20,2
DA:21,2
DA:22,1
DA:23,1
DA:24,1
DA:25,1
DA:26,1
DA:27,2
DA:28,2
DA:29,2
DA:30,2
DA:31,1
DA:32,1
DA:33,1
DA:34,2
DA:35,1
DA:36,1
DA:37,0
DA:38,0
DA:39,0
DA:40,0
DA:41,0
DA:42,2
DA:43,1
DA:44,1
DA:45,1
DA:46,1
DA:47,1
DA:48,1
DA:49,1
DA:50,1
DA:51,1
DA:52,1
DA:53,1
DA:54,1
DA:55,1
DA:56,1
DA:57,1
DA:58,1
DA:59,1
DA:60,1
DA:61,1
DA:62,1
DA:63,1
DA:64,1
DA:65,1
DA:66,1
DA:67,1
DA:68,1
DA:69,1
DA:70,1
DA:71,1
DA:72,0
DA:73,0
DA:74,0
DA:75,0
DA:76,0
DA:77,0
DA:78,0
DA:79,0
DA:80,0
DA:81,0
DA:82,0
DA:83,0
LF:83
LH:66
BRDA:19,0,0,2
BRDA:23,1,0,1
BRDA:27,2,0,2
BRDA:30,3,0,1
BRDA:34,4,0,1
BRDA:37,5,0,0
BRDA:44,6,0,1
BRDA:48,7,0,1
BRDA:51,8,0,0
BRDA:54,9,0,1
BRF:10
BRH:8
end_of_record
TN:
SF:src\utils\env.ts
FN:6,readViteEnv
FN:14,readEnv
FNF:2
FNH:2
FNDA:7,readViteEnv
FNDA:7,readEnv
DA:1,1
DA:2,1
DA:3,1
DA:4,1
DA:5,1
DA:6,7
DA:7,7
DA:8,7
DA:9,7
DA:10,7
DA:11,7
DA:12,7
DA:13,1
DA:14,7
DA:15,7
DA:16,0
DA:17,0
DA:18,7
DA:19,7
DA:20,7
LF:20
LH:18
BRDA:6,0,0,7
BRDA:14,1,0,7
BRDA:15,2,0,0
BRDA:19,3,0,0
BRF:4
BRH:2
end_of_record
